TN:
SF:src/index.ts
FN:2,(anonymous_0)
FNF:1
FNH:0
FNDA:0,(anonymous_0)
DA:1,0
DA:2,0
LF:2
LH:0
BRF:0
BRH:0
end_of_record
TN:
SF:src/components/download.ts
FN:20,(anonymous_8)
FN:24,(anonymous_9)
FNF:2
FNH:2
FNDA:8,(anonymous_8)
FNDA:8,(anonymous_9)
DA:1,1
DA:3,1
DA:4,1
DA:5,1
DA:20,1
DA:24,8
DA:26,8
DA:27,1
DA:28,1
DA:29,1
DA:30,1
DA:33,7
DA:34,7
DA:35,7
DA:37,7
DA:39,7
DA:45,7
DA:47,7
DA:49,7
DA:50,0
DA:51,0
DA:52,0
DA:53,0
DA:56,7
DA:57,11
DA:58,11
DA:59,11
DA:61,7
DA:62,2
DA:63,2
DA:66,5
DA:67,5
DA:69,5
DA:70,2
DA:71,2
DA:74,3
DA:77,3
DA:78,0
DA:79,0
DA:82,3
DA:83,3
DA:88,4
DA:89,4
DA:93,4
DA:94,4
DA:95,4
DA:96,4
LF:47
LH:41
BRDA:20,0,0,0
BRDA:22,1,0,8
BRDA:26,2,0,1
BRDA:26,3,0,8
BRDA:26,3,1,8
BRDA:42,4,0,7
BRDA:42,4,1,0
BRDA:49,5,0,0
BRDA:61,6,0,2
BRDA:69,7,0,2
BRDA:77,8,0,0
BRDA:85,9,0,3
BRDA:85,9,1,0
BRF:13
BRH:8
end_of_record
TN:
SF:src/components/resolve.ts
FN:22,(anonymous_14)
FN:26,(anonymous_15)
FN:128,(anonymous_16)
FNF:3
FNH:3
FNDA:18,(anonymous_14)
FNDA:18,(anonymous_15)
FNDA:5,(anonymous_16)
DA:1,2
DA:2,2
DA:4,2
DA:6,2
DA:22,2
DA:26,18
DA:27,18
DA:28,1
DA:29,1
DA:30,1
DA:34,17
DA:35,8
DA:39,9
DA:49,9
DA:50,1
DA:54,9
DA:60,7
DA:63,7
DA:66,7
DA:69,7
DA:70,0
DA:71,0
DA:72,0
DA:75,0
DA:76,0
DA:77,0
DA:82,0
DA:90,7
DA:92,1
DA:96,6
DA:100,1
DA:106,5
DA:107,0
DA:113,5
DA:118,5
DA:119,1
DA:125,4
DA:128,5
DA:129,4
LF:39
LH:31
BRDA:27,0,0,1
BRDA:27,1,0,18
BRDA:27,1,1,18
BRDA:34,2,0,8
BRDA:49,3,0,1
BRDA:63,4,0,3
BRDA:63,4,1,4
BRDA:69,5,0,0
BRDA:69,6,0,7
BRDA:69,6,1,6
BRDA:71,7,0,0
BRDA:71,7,1,0
BRDA:76,8,0,0
BRDA:76,8,1,0
BRDA:90,9,0,1
BRDA:96,10,0,1
BRDA:97,11,0,6
BRDA:97,11,1,6
BRDA:106,12,0,0
BRDA:118,13,0,1
BRDA:118,14,0,5
BRDA:118,14,1,5
BRDA:118,14,2,5
BRF:23
BRH:17
end_of_record
TN:
SF:src/utils/errors.ts
FN:2,(anonymous_0)
FNF:1
FNH:1
FNDA:2,(anonymous_0)
DA:1,2
DA:4,2
DA:6,2
DA:7,2
LF:4
LH:4
BRF:0
BRH:0
end_of_record
TN:
SF:src/utils/testHelpers.ts
FN:21,setupMocks
FN:46,mockFetch
FN:49,(anonymous_9)
FN:51,(anonymous_10)
FNF:4
FNH:1
FNDA:11,setupMocks
FNDA:0,mockFetch
FNDA:0,(anonymous_9)
FNDA:0,(anonymous_10)
DA:1,1
DA:2,1
DA:3,1
DA:4,1
DA:6,1
DA:8,1
DA:13,1
DA:16,1
DA:18,1
DA:21,1
DA:22,11
DA:23,11
DA:24,11
DA:25,11
DA:26,11
DA:29,11
DA:39,11
DA:43,11
DA:46,1
DA:47,0
DA:49,0
DA:51,0
LF:22
LH:19
BRDA:46,0,0,0
BRDA:46,1,0,0
BRF:2
BRH:0
end_of_record
