TN:
SF:src/index.ts
FN:2,(anonymous_0)
FNF:1
FNH:1
FNDA:5,(anonymous_0)
DA:1,1
DA:2,6
LF:2
LH:2
BRF:0
BRH:0
end_of_record
TN:
SF:src/components/download.ts
FN:19,(anonymous_8)
FN:23,(anonymous_9)
FNF:2
FNH:2
FNDA:5,(anonymous_8)
FNDA:5,(anonymous_9)
DA:1,1
DA:2,1
DA:3,1
DA:4,1
DA:6,1
DA:19,1
DA:23,5
DA:24,5
DA:25,1
DA:30,4
DA:31,4
DA:32,4
DA:38,4
DA:40,4
DA:41,1
DA:46,3
DA:47,4
DA:48,4
DA:50,2
DA:51,0
DA:57,2
DA:58,2
DA:60,2
DA:61,0
DA:66,2
DA:72,2
DA:73,0
DA:79,2
DA:85,2
DA:87,2
DA:91,1
LF:31
LH:28
BRDA:19,0,0,0
BRDA:21,1,0,5
BRDA:24,2,0,1
BRDA:24,3,0,5
BRDA:24,3,1,5
BRDA:35,4,0,4
BRDA:35,4,1,0
BRDA:40,5,0,1
BRDA:50,6,0,0
BRDA:60,7,0,0
BRDA:72,8,0,0
BRDA:82,9,0,2
BRDA:82,9,1,0
BRF:13
BRH:7
end_of_record
TN:
SF:src/components/resolve.ts
FN:23,(anonymous_14)
FN:27,(anonymous_15)
FN:122,(anonymous_16)
FNF:3
FNH:3
FNDA:11,(anonymous_14)
FNDA:11,(anonymous_15)
FNDA:7,(anonymous_16)
DA:1,2
DA:2,2
DA:3,2
DA:4,2
DA:23,2
DA:27,11
DA:28,11
DA:29,1
DA:33,10
DA:43,10
DA:44,1
DA:48,10
DA:54,8
DA:57,8
DA:60,8
DA:63,8
DA:64,0
DA:69,0
DA:70,0
DA:71,0
DA:76,0
DA:84,8
DA:86,1
DA:90,7
DA:94,1
DA:100,6
DA:101,0
DA:107,6
DA:112,6
DA:113,1
DA:119,5
DA:122,7
DA:123,5
LF:33
LH:27
BRDA:28,0,0,1
BRDA:28,1,0,11
BRDA:28,1,1,11
BRDA:43,2,0,1
BRDA:57,3,0,4
BRDA:57,3,1,4
BRDA:63,4,0,0
BRDA:63,5,0,8
BRDA:63,5,1,7
BRDA:65,6,0,0
BRDA:65,6,1,0
BRDA:66,7,0,0
BRDA:66,7,1,0
BRDA:70,8,0,0
BRDA:70,8,1,0
BRDA:84,9,0,1
BRDA:90,10,0,1
BRDA:91,11,0,7
BRDA:91,11,1,7
BRDA:100,12,0,0
BRDA:112,13,0,1
BRDA:112,14,0,6
BRDA:112,14,1,6
BRDA:112,14,2,6
BRF:24
BRH:16
end_of_record
TN:
SF:src/utils/errors.ts
FN:4,(anonymous_0)
FN:15,(anonymous_1)
FNF:2
FNH:2
FNDA:6,(anonymous_0)
FNDA:2,(anonymous_1)
DA:1,2
DA:5,6
DA:6,6
DA:7,6
DA:10,6
DA:14,2
DA:17,2
DA:19,2
DA:20,2
DA:22,2
LF:10
LH:10
BRF:0
BRH:0
end_of_record
TN:
SF:src/utils/testHelpers.ts
FN:21,setupMocks
FN:46,mockFetch
FN:49,(anonymous_9)
FN:51,(anonymous_10)
FNF:4
FNH:1
FNDA:11,setupMocks
FNDA:0,mockFetch
FNDA:0,(anonymous_9)
FNDA:0,(anonymous_10)
DA:1,1
DA:2,1
DA:3,1
DA:4,1
DA:6,1
DA:8,1
DA:13,1
DA:16,1
DA:18,1
DA:21,1
DA:22,11
DA:23,11
DA:24,11
DA:25,11
DA:26,11
DA:29,11
DA:39,11
DA:43,11
DA:46,1
DA:47,0
DA:49,0
DA:51,0
LF:22
LH:19
BRDA:46,0,0,0
BRDA:46,1,0,0
BRF:2
BRH:0
end_of_record
